<?xml version="1.0" encoding="UTF-8"?>
<!-- Generated by org.testng.reporters.JUnitXMLReporter -->
<testsuite ignored="1" hostname="DESKTOP-M28N7Q9" failures="0" tests="1" name="Default test" time="0.055" errors="0" timestamp="2022-07-18T12:50:22 ADT">
  <testcase classname="qaclickacademy.Mavenjava.AppiumTest" name="NativeAPPAndroid" time="0.01"/>
  <testcase classname="qaclickacademy.Mavenjava.AppiumTest" name="IOSApps" time="0.0">
    <ignored/>
  </testcase> <!-- IOSApps -->
</testsuite> <!-- Default test -->
