<?xml version="1.0" encoding="UTF-8"?>
<!-- Generated by org.testng.reporters.JUnitXMLReporter -->
<testsuite ignored="0" hostname="DESKTOP-M28N7Q9" failures="0" tests="4" name="Test" time="0.036" errors="0" timestamp="2022-07-18T12:54:34 ADT">
  <testcase classname="qaclickacademy.Mavenjava.RESTAPItest" name="deleteTwitter" time="0.003"/>
  <testcase classname="qaclickacademy.Mavenjava.RESTAPItest" name="posJira" time="0.0"/>
  <testcase classname="qaclickacademy.Mavenjava.AppiumTest" name="IOSApps" time="0.0"/>
  <testcase classname="qaclickacademy.Mavenjava.AppiumTest" name="NativeAPPAndroid" time="0.0"/>
</testsuite> <!-- Test -->
