<?xml version="1.0" encoding="UTF-8"?>
<testng-results ignored="0" total="4" passed="4" failed="0" skipped="0">
  <reporter-output>
  </reporter-output>
  <suite started-at="2022-07-18T12:54:34 ADT" name="Suite" finished-at="2022-07-18T12:54:34 ADT" duration-ms="36">
    <groups>
    </groups>
    <test started-at="2022-07-18T12:54:34 ADT" name="Test" finished-at="2022-07-18T12:54:34 ADT" duration-ms="36">
      <class name="qaclickacademy.Mavenjava.RESTAPItest">
        <test-method signature="deleteTwitter()[pri:0, instance:qaclickacademy.Mavenjava.RESTAPItest@28eaa59a]" started-at="2022-07-18T12:54:34 ADT" name="deleteTwitter" finished-at="2022-07-18T12:54:34 ADT" duration-ms="3" status="PASS">
          <reporter-output>
          </reporter-output>
        </test-method> <!-- deleteTwitter -->
        <test-method signature="posJira()[pri:0, instance:qaclickacademy.Mavenjava.RESTAPItest@28eaa59a]" started-at="2022-07-18T12:54:34 ADT" name="posJira" finished-at="2022-07-18T12:54:34 ADT" duration-ms="0" status="PASS">
          <reporter-output>
          </reporter-output>
        </test-method> <!-- posJira -->
      </class> <!-- qaclickacademy.Mavenjava.RESTAPItest -->
      <class name="qaclickacademy.Mavenjava.AppiumTest">
        <test-method signature="IOSApps()[pri:0, instance:qaclickacademy.Mavenjava.AppiumTest@68999068]" started-at="2022-07-18T12:54:34 ADT" name="IOSApps" finished-at="2022-07-18T12:54:34 ADT" duration-ms="0" status="PASS">
          <reporter-output>
          </reporter-output>
        </test-method> <!-- IOSApps -->
        <test-method signature="NativeAPPAndroid()[pri:0, instance:qaclickacademy.Mavenjava.AppiumTest@68999068]" started-at="2022-07-18T12:54:34 ADT" name="NativeAPPAndroid" finished-at="2022-07-18T12:54:34 ADT" duration-ms="0" status="PASS">
          <reporter-output>
          </reporter-output>
        </test-method> <!-- NativeAPPAndroid -->
      </class> <!-- qaclickacademy.Mavenjava.AppiumTest -->
    </test> <!-- Test -->
  </suite> <!-- Suite -->
</testng-results>
