<?xml version="1.0" encoding="UTF-8"?>
<testng-results ignored="1" total="2" passed="1" failed="0" skipped="0">
  <reporter-output>
  </reporter-output>
  <suite started-at="2022-07-18T12:50:22 ADT" name="Default suite" finished-at="2022-07-18T12:50:22 ADT" duration-ms="55">
    <groups>
    </groups>
    <test started-at="2022-07-18T12:50:22 ADT" name="Default test" finished-at="2022-07-18T12:50:22 ADT" duration-ms="55">
      <class name="qaclickacademy.Mavenjava.AppiumTest">
        <test-method signature="NativeAPPAndroid()[pri:0, instance:qaclickacademy.Mavenjava.AppiumTest@6eda5c9]" started-at="2022-07-18T12:50:22 ADT" name="NativeAPPAndroid" finished-at="2022-07-18T12:50:22 ADT" duration-ms="10" status="PASS">
          <reporter-output>
          </reporter-output>
        </test-method> <!-- NativeAPPAndroid -->
      </class> <!-- qaclickacademy.Mavenjava.AppiumTest -->
    </test> <!-- Default test -->
  </suite> <!-- Default suite -->
</testng-results>
